<?xml version="1.0" encoding="UTF-8"?>
<!-- Generated by org.testng.reporters.JUnitReportReporter -->
<testsuite hostname="DESKTOP-681KQAE" failures="0" tests="2" name="packTestNG1.TestNg1" time="0.010" errors="0" timestamp="2023-09-06T19:18:14 IST" skipped="0">
  <testcase classname="packTestNG1.TestNg1" name="a1" time="0.006"/>
  <testcase classname="packTestNG1.TestNg1" name="a2" time="0.004"/>
</testsuite> <!-- packTestNG1.TestNg1 -->
