<?xml version="1.0" encoding="UTF-8"?>
<!-- Generated by org.testng.reporters.JUnitReportReporter -->
<testsuite hostname="DESKTOP-681KQAE" failures="0" tests="4" name="packTestNG1.TestNG2" time="0.007" errors="0" timestamp="2023-09-06T19:18:14 IST" skipped="0">
  <testcase classname="packTestNG1.TestNG2" name="z" time="0.002"/>
  <testcase classname="packTestNG1.TestNG2" name="abc" time="0.002"/>
  <testcase classname="packTestNG1.TestNG2" name="ab11" time="0.002"/>
  <testcase classname="packTestNG1.TestNG2" name="a3" time="0.001"/>
</testsuite> <!-- packTestNG1.TestNG2 -->
