<?xml version="1.0" encoding="UTF-8"?>
<!-- Generated by org.testng.reporters.JUnitReportReporter -->
<testsuite hostname="DESKTOP-681KQAE" failures="0" tests="3" name="packTestNG1.TestNG3" time="0.003" errors="0" timestamp="2023-09-06T19:18:14 IST" skipped="2">
  <testcase classname="packTestNG1.TestNG3" name="c" time="0.002"/>
  <testcase classname="packTestNG1.TestNG3" name="d" time="0.001">
    <skipped/>
  </testcase> <!-- d -->
  <testcase classname="packTestNG1.TestNG3" name="a">
    <skipped/>
  </testcase> <!-- a -->
</testsuite> <!-- packTestNG1.TestNG3 -->
