<?xml version="1.0" encoding="UTF-8"?>
<!-- Generated by org.testng.reporters.JUnitReportReporter -->
<testsuite hostname="DESKTOP-681KQAE" failures="0" tests="3" name="packTestNG1.TestNG6" time="0.012" errors="0" timestamp="2023-09-06T19:18:14 IST" skipped="0">
  <testcase classname="packTestNG1.TestNG6" name="z" time="0.004"/>
  <testcase classname="packTestNG1.TestNG6" name="b" time="0.001"/>
  <testcase classname="packTestNG1.TestNG6" name="y" time="0.007"/>
</testsuite> <!-- packTestNG1.TestNG6 -->
